<?xml version="1.0" encoding="UTF-8"?>
<testng-results skipped="0" failed="0" ignored="2" total="3" passed="1">
  <reporter-output>
  </reporter-output>
  <suite name="Default suite" duration-ms="3179" started-at="2020-11-23T17:28:38 IST" finished-at="2020-11-23T17:28:42 IST">
    <groups>
    </groups>
    <test name="Default test" duration-ms="3179" started-at="2020-11-23T17:28:38 IST" finished-at="2020-11-23T17:28:42 IST">
      <class name="tests.BestBuyApiTests">
        <test-method status="PASS" signature="verifyGetProductApiWithParameters()[pri:0, instance:tests.BestBuyApiTests@5a8806ef]" name="verifyGetProductApiWithParameters" duration-ms="3141" started-at="2020-11-23T17:28:38 IST" finished-at="2020-11-23T17:28:42 IST">
          <reporter-output>
          </reporter-output>
        </test-method> <!-- verifyGetProductApiWithParameters -->
      </class> <!-- tests.BestBuyApiTests -->
    </test> <!-- Default test -->
  </suite> <!-- Default suite -->
</testng-results>
