<?xml version="1.0" encoding="UTF-8"?>
<!-- Generated by org.testng.reporters.JUnitXMLReporter -->
<testsuite hostname="DESKTOP-R2KE26K" ignored="7" name="Default test" tests="1" failures="0" timestamp="2020-11-28T10:20:28 IST" time="2.799" errors="0">
  <testcase name="verifyAddProductWithPostRequestWithPojo" time="2.326" classname="tests.BestBuyApiTests"/>
  <testcase name="verifyGetProductApiWithParameters" time="0.0" classname="tests.BestBuyApiTests">
    <ignored/>
  </testcase> <!-- verifyGetProductApiWithParameters -->
  <testcase name="verifyAddProductWithPostRequestWithMapPayload" time="0.0" classname="tests.BestBuyApiTests">
    <ignored/>
  </testcase> <!-- verifyAddProductWithPostRequestWithMapPayload -->
  <testcase name="verifyAddProductWithPostRequest" time="0.0" classname="tests.BestBuyApiTests">
    <ignored/>
  </testcase> <!-- verifyAddProductWithPostRequest -->
  <testcase name="verifyGetProductApi" time="0.0" classname="tests.BestBuyApiTests">
    <ignored/>
  </testcase> <!-- verifyGetProductApi -->
  <testcase name="verifyGetProductApiWithBDDStyle" time="0.0" classname="tests.BestBuyApiTests">
    <ignored/>
  </testcase> <!-- verifyGetProductApiWithBDDStyle -->
  <testcase name="verifyAddProductWithPostRequestFromJsonFile" time="0.0" classname="tests.BestBuyApiTests">
    <ignored/>
  </testcase> <!-- verifyAddProductWithPostRequestFromJsonFile -->
  <testcase name="sampleExmpleOfComplexJSon" time="0.0" classname="tests.BestBuyApiTests">
    <ignored/>
  </testcase> <!-- sampleExmpleOfComplexJSon -->
</testsuite> <!-- Default test -->
