<?xml version="1.0" encoding="UTF-8"?>
<!-- Generated by org.testng.reporters.JUnitXMLReporter -->
<testsuite hostname="DESKTOP-R2KE26K" ignored="2" name="Default test" tests="1" failures="0" timestamp="2020-11-23T17:28:42 IST" time="3.179" errors="0">
  <testcase name="verifyGetProductApiWithParameters" time="3.141" classname="tests.BestBuyApiTests"/>
  <testcase name="verifyGetProductApi" time="0.0" classname="tests.BestBuyApiTests">
    <ignored/>
  </testcase> <!-- verifyGetProductApi -->
  <testcase name="verifyGetProductApiWithBDDStyle" time="0.0" classname="tests.BestBuyApiTests">
    <ignored/>
  </testcase> <!-- verifyGetProductApiWithBDDStyle -->
</testsuite> <!-- Default test -->
